<?xml version="1.0" encoding="UTF-8"?>
<!-- Generated by org.testng.reporters.JUnitReportReporter -->
<testsuite hostname="DESKTOP-CJ2TM4F" failures="0" tests="1" name="gitdemoclass.TC3Test" time="0.001" errors="0" timestamp="2024-01-09T12:19:32 IST" skipped="0">
  <testcase classname="gitdemoclass.TC3Test" name="tc3" time="0.001">
    <system-out>
      <![CDATA[ tc1 for jenkins 
 tc2 for jenkins ]]>
    </system-out>
  </testcase> <!-- tc3 -->
  <system-out>
    <![CDATA[ anil kumar 
 tc1 for jenkins 
 tc2 for jenkins ]]>
  </system-out>
</testsuite> <!-- gitdemoclass.TC3Test -->
