<?xml version="1.0" encoding="UTF-8"?>
<!-- Generated by org.testng.reporters.JUnitReportReporter -->
<testsuite hostname="DESKTOP-CJ2TM4F" failures="0" tests="1" name="gitdemoclass.TC1Test" time="0.005" errors="0" timestamp="2024-01-09T12:19:32 IST" skipped="0">
  <testcase classname="gitdemoclass.TC1Test" name="tc1" time="0.005">
    <system-out>
      <![CDATA[ anil kumar ]]>
    </system-out>
  </testcase> <!-- tc1 -->
  <system-out>
    <![CDATA[ anil kumar 
 tc1 for jenkins 
 tc2 for jenkins ]]>
  </system-out>
</testsuite> <!-- gitdemoclass.TC1Test -->
