<?xml version="1.0" encoding="UTF-8"?>
<!-- Generated by org.testng.reporters.JUnitReportReporter -->
<testsuite hostname="DESKTOP-CJ2TM4F" failures="0" tests="1" name="gitdemoclass.TC2" time="0.011" errors="0" timestamp="2024-01-09T12:07:15 IST" skipped="0">
  <testcase classname="gitdemoclass.TC2" name="tc2" time="0.011">
    <system-out>
      <![CDATA[ anil kumar tc2 ]]>
    </system-out>
  </testcase> <!-- tc2 -->
  <system-out>
    <![CDATA[ anil kumar tc2 
 anil kumar 
 tc1 for jenkins 
 tc2 for jenkins ]]>
  </system-out>
</testsuite> <!-- gitdemoclass.TC2 -->
